<?xml version="1.0" encoding="UTF-8"?>
<!-- Generated by org.testng.reporters.JUnitXMLReporter -->
<testsuite hostname="RezD021" name="PanelARIReport-Jenkins" tests="11" failures="1" timestamp="20 Apr 2017 18:49:34 GMT" time="215.15" errors="0">
  <testcase name="start" time="0.081" classname="Dev_progress.RateCreation"/>
  <testcase name="selectcalendar" time="3.891" classname="Dev_progress.NewCalendarStatus">
    <failure type="org.openqa.selenium.WebDriverException" message="unknown error: Element &amp;lt;a href=&amp;quot;javascript:void(0);&amp;quot; id=&amp;quot;3&amp;quot; ng-click=&amp;quot;selecetdChannelChanged(channel.ID)&amp;quot; ng-class=&amp;quot;{&amp;apos;channelActive&amp;apos; : channel.isSelected == true }&amp;quot; class=&amp;quot;channelActive&amp;quot;&amp;gt;...&amp;lt;/a&amp;gt; is not clickable at point (562, 278). Other element would receive the click: &amp;lt;a href=&amp;quot;#/rateshoppers/custom&amp;quot; target=&amp;quot;_self&amp;quot; title=&amp;quot;RateShopper Settings&amp;quot;&amp;gt;...&amp;lt;/a&amp;gt;
  (Session info: chrome=57.0.2987.133)
  (Driver info: chromedriver=2.27.440174 (e97a722caafc2d3a8b807ee115bfb307f7d2cfd9),platform=Windows NT 6.1.7601 SP1 x86_64) (WARNING: The server did not provide any stacktrace information)
Command duration or timeout: 45 milliseconds
Build info: version: &amp;apos;2.44.0&amp;apos;, revision: &amp;apos;76d78cf&amp;apos;, time: &amp;apos;2014-10-23 20:03:00&amp;apos;
System info: host: &amp;apos;RezD021&amp;apos;, ip: &amp;apos;192.168.4.70&amp;apos;, os.name: &amp;apos;Windows 7&amp;apos;, os.arch: &amp;apos;amd64&amp;apos;, os.version: &amp;apos;6.1&amp;apos;, java.version: &amp;apos;1.8.0_72&amp;apos;
Driver info: org.openqa.selenium.chrome.ChromeDriver
Capabilities [{applicationCacheEnabled=false, rotatable=false, mobileEmulationEnabled=false, networkConnectionEnabled=false, chrome={chromedriverVersion=2.27.440174 (e97a722caafc2d3a8b807ee115bfb307f7d2cfd9), userDataDir=C:\Windows\TEMP\scoped_dir10668_21531}, takesHeapSnapshot=true, pageLoadStrategy=normal, databaseEnabled=false, handlesAlerts=true, hasTouchScreen=false, version=57.0.2987.133, platform=XP, browserConnectionEnabled=false, nativeEvents=true, acceptSslCerts=true, locationContextEnabled=true, webStorageEnabled=true, browserName=chrome, takesScreenshot=true, javascriptEnabled=true, cssSelectorsEnabled=true, unexpectedAlertBehaviour=}]
Session ID: dbebea17ead84acf524309ca34a0a6f1">
      <![CDATA[org.openqa.selenium.WebDriverException: unknown error: Element <a href="javascript:void(0);" id="3" ng-click="selecetdChannelChanged(channel.ID)" ng-class="{'channelActive' : channel.isSelected == true }" class="channelActive">...</a> is not clickable at point (562, 278). Other element would receive the click: <a href="#/rateshoppers/custom" target="_self" title="RateShopper Settings">...</a>
  (Session info: chrome=57.0.2987.133)
  (Driver info: chromedriver=2.27.440174 (e97a722caafc2d3a8b807ee115bfb307f7d2cfd9),platform=Windows NT 6.1.7601 SP1 x86_64) (WARNING: The server did not provide any stacktrace information)
Command duration or timeout: 45 milliseconds
Build info: version: '2.44.0', revision: '76d78cf', time: '2014-10-23 20:03:00'
System info: host: 'RezD021', ip: '192.168.4.70', os.name: 'Windows 7', os.arch: 'amd64', os.version: '6.1', java.version: '1.8.0_72'
Driver info: org.openqa.selenium.chrome.ChromeDriver
Capabilities [{applicationCacheEnabled=false, rotatable=false, mobileEmulationEnabled=false, networkConnectionEnabled=false, chrome={chromedriverVersion=2.27.440174 (e97a722caafc2d3a8b807ee115bfb307f7d2cfd9), userDataDir=C:\Windows\TEMP\scoped_dir10668_21531}, takesHeapSnapshot=true, pageLoadStrategy=normal, databaseEnabled=false, handlesAlerts=true, hasTouchScreen=false, version=57.0.2987.133, platform=XP, browserConnectionEnabled=false, nativeEvents=true, acceptSslCerts=true, locationContextEnabled=true, webStorageEnabled=true, browserName=chrome, takesScreenshot=true, javascriptEnabled=true, cssSelectorsEnabled=true, unexpectedAlertBehaviour=}]
Session ID: dbebea17ead84acf524309ca34a0a6f1
	at org.openqa.selenium.remote.ErrorHandler.createThrowable(ErrorHandler.java:204)
	at org.openqa.selenium.remote.ErrorHandler.throwIfResponseFailed(ErrorHandler.java:156)
	at org.openqa.selenium.remote.RemoteWebDriver.execute(RemoteWebDriver.java:599)
	at org.openqa.selenium.remote.RemoteWebElement.execute(RemoteWebElement.java:268)
	at org.openqa.selenium.remote.RemoteWebElement.click(RemoteWebElement.java:79)
	at Dev_progress.NewCalendarStatus.selectcalendar(NewCalendarStatus.java:247)
... Removed 27 stack frames]]>
    </failure>
  </testcase> <!-- selectcalendar -->
  <testcase name="selectcalendar" time="25.424" classname="Dev_progress.NewCalendarStatus"/>
  <testcase name="selectcalendar" time="22.216" classname="Dev_progress.NewCalendarStatus"/>
  <testcase name="selectcalendar" time="25.272" classname="Dev_progress.NewCalendarStatus"/>
  <testcase name="selectcalendar" time="15.393" classname="Dev_progress.NewCalendarStatus"/>
  <testcase name="selectcalendar" time="23.934" classname="Dev_progress.NewCalendarStatus"/>
  <testcase name="selectcalendar" time="22.866" classname="Dev_progress.NewCalendarStatus"/>
  <testcase name="selectcalendar" time="26.387" classname="Dev_progress.NewCalendarStatus"/>
  <testcase name="selectcalendar" time="23.05" classname="Dev_progress.NewCalendarStatus"/>
  <testcase name="selectcalendar" time="26.565" classname="Dev_progress.NewCalendarStatus"/>
</testsuite> <!-- PanelARIReport-Jenkins -->
